\BOOKMARK [0][-]{chapter*.2}{\376\377\000P\000r\000e\000f\000a\000c\000e}{}% 1
\BOOKMARK [-1][-]{part.1}{\376\377\000I\000\040\000F\000o\000u\000n\000d\000a\000t\000i\000o\000n\000s}{}% 2
\BOOKMARK [0][-]{chapter.1}{\376\377\000I\000n\000t\000r\000o\000d\000u\000c\000t\000i\000o\000n\000\040\000a\000n\000d\000\040\000D\000e\000s\000i\000g\000n\000\040\000P\000h\000i\000l\000o\000s\000o\000p\000h\000y}{part.1}% 3
\BOOKMARK [1][-]{section.1.1}{\376\377\000T\000h\000e\000\040\000D\000a\000t\000a\000b\000a\000s\000e\000-\000a\000s\000-\000O\000S\000\040\000P\000a\000r\000a\000d\000i\000g\000m}{chapter.1}% 4
\BOOKMARK [1][-]{section.1.2}{\376\377\000C\000a\000p\000a\000b\000i\000l\000i\000t\000y\000-\000B\000a\000s\000e\000d\000\040\000S\000e\000c\000u\000r\000i\000t\000y\000\040\000M\000o\000d\000e\000l}{chapter.1}% 5
\BOOKMARK [1][-]{section.1.3}{\376\377\000T\000h\000r\000e\000a\000t\000\040\000M\000o\000d\000e\000l}{chapter.1}% 6
\BOOKMARK [1][-]{section.1.4}{\376\377\000S\000y\000s\000t\000e\000m\000\040\000A\000r\000c\000h\000i\000t\000e\000c\000t\000u\000r\000e\000\040\000O\000v\000e\000r\000v\000i\000e\000w}{chapter.1}% 7
\BOOKMARK [1][-]{section.1.5}{\376\377\000C\000o\000m\000p\000a\000r\000i\000s\000o\000n\000\040\000w\000i\000t\000h\000\040\000T\000r\000a\000d\000i\000t\000i\000o\000n\000a\000l\000\040\000O\000S\000\040\000D\000e\000s\000i\000g\000n\000s}{chapter.1}% 8
\BOOKMARK [0][-]{chapter.2}{\376\377\000S\000y\000s\000t\000e\000m\000\040\000B\000o\000o\000t\000s\000t\000r\000a\000p}{part.1}% 9
\BOOKMARK [1][-]{section.2.1}{\376\377\000U\000E\000F\000I\000\040\000B\000o\000o\000t\000\040\000P\000r\000o\000t\000o\000c\000o\000l}{chapter.2}% 10
\BOOKMARK [1][-]{section.2.2}{\376\377\000B\000o\000o\000t\000I\000n\000f\000o\000\040\000S\000t\000r\000u\000c\000t\000u\000r\000e}{chapter.2}% 11
\BOOKMARK [1][-]{section.2.3}{\376\377\000K\000e\000r\000n\000e\000l\000\040\000I\000n\000i\000t\000i\000a\000l\000i\000z\000a\000t\000i\000o\000n\000\040\000S\000e\000q\000u\000e\000n\000c\000e}{chapter.2}% 12
\BOOKMARK [1][-]{section.2.4}{\376\377\000H\000i\000g\000h\000e\000r\000-\000H\000a\000l\000f\000\040\000K\000e\000r\000n\000e\000l\000\040\000D\000e\000s\000i\000g\000n}{chapter.2}% 13
\BOOKMARK [-1][-]{part.2}{\376\377\000I\000I\000\040\000M\000e\000m\000o\000r\000y\000\040\000M\000a\000n\000a\000g\000e\000m\000e\000n\000t}{}% 14
\BOOKMARK [0][-]{chapter.3}{\376\377\000P\000h\000y\000s\000i\000c\000a\000l\000\040\000M\000e\000m\000o\000r\000y\000\040\000M\000a\000n\000a\000g\000e\000r}{part.2}% 15
\BOOKMARK [1][-]{section.3.1}{\376\377\000B\000i\000t\000m\000a\000p\000\040\000A\000l\000l\000o\000c\000a\000t\000o\000r\000\040\000D\000e\000s\000i\000g\000n}{chapter.3}% 16
\BOOKMARK [1][-]{section.3.2}{\376\377\000A\000l\000g\000o\000r\000i\000t\000h\000m\000:\000\040\000P\000m\000m\000-\000A\000l\000l\000o\000c}{chapter.3}% 17
\BOOKMARK [1][-]{section.3.3}{\376\377\000A\000l\000g\000o\000r\000i\000t\000h\000m\000:\000\040\000P\000m\000m\000-\000F\000r\000e\000e}{chapter.3}% 18
\BOOKMARK [1][-]{section.3.4}{\376\377\000C\000o\000m\000p\000l\000e\000x\000i\000t\000y\000\040\000A\000n\000a\000l\000y\000s\000i\000s}{chapter.3}% 19
\BOOKMARK [0][-]{chapter.4}{\376\377\000V\000i\000r\000t\000u\000a\000l\000\040\000M\000e\000m\000o\000r\000y\000\040\000a\000n\000d\000\040\000P\000a\000g\000i\000n\000g}{part.2}% 20
\BOOKMARK [1][-]{section.4.1}{\376\377\000x\0008\0006\000-\0006\0004\000\040\000F\000o\000u\000r\000-\000L\000e\000v\000e\000l\000\040\000P\000a\000g\000e\000\040\000T\000a\000b\000l\000e\000s}{chapter.4}% 21
\BOOKMARK [1][-]{section.4.2}{\376\377\000V\000i\000r\000t\000u\000a\000l\000\040\000A\000d\000d\000r\000e\000s\000s\000\040\000S\000p\000a\000c\000e\000\040\000L\000a\000y\000o\000u\000t}{chapter.4}% 22
\BOOKMARK [1][-]{section.4.3}{\376\377\000A\000l\000g\000o\000r\000i\000t\000h\000m\000:\000\040\000P\000a\000g\000e\000-\000M\000a\000p}{chapter.4}% 23
\BOOKMARK [1][-]{section.4.4}{\376\377\000A\000l\000g\000o\000r\000i\000t\000h\000m\000:\000\040\000V\000i\000r\000t\000-\000T\000o\000-\000P\000h\000y\000s}{chapter.4}% 24
\BOOKMARK [0][-]{chapter.5}{\376\377\000K\000e\000r\000n\000e\000l\000\040\000H\000e\000a\000p\000\040\000A\000l\000l\000o\000c\000a\000t\000o\000r}{part.2}% 25
\BOOKMARK [1][-]{section.5.1}{\376\377\000F\000i\000r\000s\000t\000-\000F\000i\000t\000\040\000w\000i\000t\000h\000\040\000C\000o\000a\000l\000e\000s\000c\000i\000n\000g}{chapter.5}% 26
\BOOKMARK [1][-]{section.5.2}{\376\377\000A\000l\000g\000o\000r\000i\000t\000h\000m\000:\000\040\000K\000m\000a\000l\000l\000o\000c}{chapter.5}% 27
\BOOKMARK [1][-]{section.5.3}{\376\377\000A\000l\000g\000o\000r\000i\000t\000h\000m\000:\000\040\000K\000f\000r\000e\000e\000\040\000w\000i\000t\000h\000\040\000C\000o\000a\000l\000e\000s\000c\000i\000n\000g}{chapter.5}% 28
\BOOKMARK [-1][-]{part.3}{\376\377\000I\000I\000I\000\040\000C\000r\000y\000p\000t\000o\000g\000r\000a\000p\000h\000i\000c\000\040\000P\000r\000i\000m\000i\000t\000i\000v\000e\000s}{}% 29
\BOOKMARK [0][-]{chapter.6}{\376\377\000S\000H\000A\000-\0002\0005\0006}{part.3}% 30
\BOOKMARK [1][-]{section.6.1}{\376\377\000M\000e\000r\000k\000l\000e\000-\000D\000a\000m\000g\000\345\000r\000d\000\040\000C\000o\000n\000s\000t\000r\000u\000c\000t\000i\000o\000n}{chapter.6}% 31
\BOOKMARK [1][-]{section.6.2}{\376\377\000C\000o\000m\000p\000r\000e\000s\000s\000i\000o\000n\000\040\000F\000u\000n\000c\000t\000i\000o\000n}{chapter.6}% 32
\BOOKMARK [1][-]{section.6.3}{\376\377\000B\000l\000o\000c\000k\000-\000B\000a\000s\000e\000d\000\040\000U\000p\000d\000a\000t\000e}{chapter.6}% 33
\BOOKMARK [0][-]{chapter.7}{\376\377\000A\000E\000S\000-\0001\0002\0008}{part.3}% 34
\BOOKMARK [1][-]{section.7.1}{\376\377\000R\000i\000j\000n\000d\000a\000e\000l\000\040\000C\000i\000p\000h\000e\000r\000\040\000S\000t\000r\000u\000c\000t\000u\000r\000e}{chapter.7}% 35
\BOOKMARK [1][-]{section.7.2}{\376\377\000G\000F\000\050\0002\0008\000\051\000\040\000A\000r\000i\000t\000h\000m\000e\000t\000i\000c\000\040\000a\000n\000d\000\040\000P\000r\000e\000c\000o\000m\000p\000u\000t\000e\000d\000\040\000T\000a\000b\000l\000e\000s}{chapter.7}% 36
\BOOKMARK [1][-]{section.7.3}{\376\377\000A\000l\000g\000o\000r\000i\000t\000h\000m\000:\000\040\000A\000E\000S\000-\000K\000e\000y\000-\000E\000x\000p\000a\000n\000d}{chapter.7}% 37
\BOOKMARK [1][-]{section.7.4}{\376\377\000A\000l\000g\000o\000r\000i\000t\000h\000m\000:\000\040\000A\000E\000S\000-\000E\000n\000c\000r\000y\000p\000t\000-\000B\000l\000o\000c\000k}{chapter.7}% 38
\BOOKMARK [1][-]{section.7.5}{\376\377\000C\000B\000C\000\040\000M\000o\000d\000e}{chapter.7}% 39
\BOOKMARK [1][-]{section.7.6}{\376\377\000A\000E\000S\000-\000N\000I\000\040\000H\000a\000r\000d\000w\000a\000r\000e\000\040\000A\000c\000c\000e\000l\000e\000r\000a\000t\000i\000o\000n}{chapter.7}% 40
\BOOKMARK [0][-]{chapter.8}{\376\377\000H\000M\000A\000C\000-\000S\000H\000A\0002\0005\0006\000\040\000a\000n\000d\000\040\000R\000a\000n\000d\000o\000m\000\040\000N\000u\000m\000b\000e\000r\000\040\000G\000e\000n\000e\000r\000a\000t\000i\000o\000n}{part.3}% 41
\BOOKMARK [1][-]{section.8.1}{\376\377\000H\000M\000A\000C\000\040\000C\000o\000n\000s\000t\000r\000u\000c\000t\000i\000o\000n}{chapter.8}% 42
\BOOKMARK [1][-]{section.8.2}{\376\377\000P\000r\000e\000-\000c\000o\000m\000p\000u\000t\000e\000d\000\040\000C\000o\000n\000t\000e\000x\000t}{chapter.8}% 43
\BOOKMARK [1][-]{section.8.3}{\376\377\000C\000o\000n\000s\000t\000a\000n\000t\000-\000T\000i\000m\000e\000\040\000V\000e\000r\000i\000f\000i\000c\000a\000t\000i\000o\000n}{chapter.8}% 44
\BOOKMARK [1][-]{section.8.4}{\376\377\000R\000a\000n\000d\000o\000m\000\040\000N\000u\000m\000b\000e\000r\000\040\000G\000e\000n\000e\000r\000a\000t\000i\000o\000n}{chapter.8}% 45
\BOOKMARK [-1][-]{part.4}{\376\377\000I\000V\000\040\000D\000a\000t\000a\000\040\000S\000t\000r\000u\000c\000t\000u\000r\000e\000s}{}% 46
\BOOKMARK [0][-]{chapter.9}{\376\377\000B\000-\000T\000r\000e\000e\000\040\000I\000n\000d\000e\000x}{part.4}% 47
\BOOKMARK [1][-]{section.9.1}{\376\377\000B\000-\000T\000r\000e\000e\000\040\000P\000r\000o\000p\000e\000r\000t\000i\000e\000s}{chapter.9}% 48
\BOOKMARK [1][-]{section.9.2}{\376\377\000N\000o\000d\000e\000\040\000S\000t\000r\000u\000c\000t\000u\000r\000e}{chapter.9}% 49
\BOOKMARK [1][-]{section.9.3}{\376\377\000A\000l\000g\000o\000r\000i\000t\000h\000m\000:\000\040\000B\000-\000T\000r\000e\000e\000-\000S\000e\000a\000r\000c\000h}{chapter.9}% 50
\BOOKMARK [1][-]{section.9.4}{\376\377\000A\000l\000g\000o\000r\000i\000t\000h\000m\000:\000\040\000B\000-\000T\000r\000e\000e\000-\000I\000n\000s\000e\000r\000t}{chapter.9}% 51
\BOOKMARK [1][-]{section.9.5}{\376\377\000A\000l\000g\000o\000r\000i\000t\000h\000m\000:\000\040\000B\000-\000T\000r\000e\000e\000-\000S\000p\000l\000i\000t\000-\000C\000h\000i\000l\000d}{chapter.9}% 52
\BOOKMARK [0][-]{chapter.10}{\376\377\000A\000u\000x\000i\000l\000i\000a\000r\000y\000\040\000D\000a\000t\000a\000\040\000S\000t\000r\000u\000c\000t\000u\000r\000e\000s}{part.4}% 53
\BOOKMARK [1][-]{section.10.1}{\376\377\000I\000n\000t\000r\000u\000s\000i\000v\000e\000\040\000D\000o\000u\000b\000l\000y\000-\000L\000i\000n\000k\000e\000d\000\040\000L\000i\000s\000t\000s}{chapter.10}% 54
\BOOKMARK [1][-]{section.10.2}{\376\377\000B\000i\000t\000m\000a\000p\000\040\000O\000p\000e\000r\000a\000t\000i\000o\000n\000s}{chapter.10}% 55
\BOOKMARK [1][-]{section.10.3}{\376\377\000R\000i\000n\000g\000\040\000B\000u\000f\000f\000e\000r\000s}{chapter.10}% 56
\BOOKMARK [-1][-]{part.5}{\376\377\000V\000\040\000S\000e\000c\000u\000r\000i\000t\000y\000\040\000A\000r\000c\000h\000i\000t\000e\000c\000t\000u\000r\000e}{}% 57
\BOOKMARK [0][-]{chapter.11}{\376\377\000C\000a\000p\000a\000b\000i\000l\000i\000t\000y\000\040\000S\000y\000s\000t\000e\000m}{part.5}% 58
\BOOKMARK [1][-]{section.11.1}{\376\377\000C\000a\000p\000a\000b\000i\000l\000i\000t\000y\000\040\000T\000o\000k\000e\000n\000\040\000S\000t\000r\000u\000c\000t\000u\000r\000e}{chapter.11}% 59
\BOOKMARK [1][-]{section.11.2}{\376\377\000A\000l\000g\000o\000r\000i\000t\000h\000m\000:\000\040\000C\000a\000p\000-\000C\000r\000e\000a\000t\000e}{chapter.11}% 60
\BOOKMARK [1][-]{section.11.3}{\376\377\000A\000l\000g\000o\000r\000i\000t\000h\000m\000:\000\040\000C\000a\000p\000-\000V\000a\000l\000i\000d\000a\000t\000e\000\040\000w\000i\000t\000h\000\040\000C\000a\000c\000h\000e}{chapter.11}% 61
\BOOKMARK [1][-]{section.11.4}{\376\377\000A\000l\000g\000o\000r\000i\000t\000h\000m\000:\000\040\000C\000a\000p\000-\000C\000h\000e\000c\000k}{chapter.11}% 62
\BOOKMARK [1][-]{section.11.5}{\376\377\000D\000e\000l\000e\000g\000a\000t\000i\000o\000n\000\040\000a\000n\000d\000\040\000R\000e\000v\000o\000c\000a\000t\000i\000o\000n}{chapter.11}% 63
\BOOKMARK [1][-]{section.11.6}{\376\377\000R\000i\000g\000h\000t\000s\000\040\000M\000o\000d\000e\000l}{chapter.11}% 64
\BOOKMARK [0][-]{chapter.12}{\376\377\000E\000n\000c\000r\000y\000p\000t\000e\000d\000\040\000D\000a\000t\000a\000b\000a\000s\000e\000\040\000E\000n\000g\000i\000n\000e}{part.5}% 65
\BOOKMARK [1][-]{section.12.1}{\376\377\000P\000e\000r\000-\000T\000a\000b\000l\000e\000\040\000K\000e\000y\000\040\000D\000e\000r\000i\000v\000a\000t\000i\000o\000n}{chapter.12}% 66
\BOOKMARK [1][-]{section.12.2}{\376\377\000Q\000u\000e\000r\000y\000\040\000E\000x\000e\000c\000u\000t\000i\000o\000n\000\040\000P\000i\000p\000e\000l\000i\000n\000e}{chapter.12}% 67
\BOOKMARK [0][-]{chapter.13}{\376\377\000Q\000u\000e\000r\000y\000\040\000P\000a\000r\000s\000e\000r}{part.5}% 68
\BOOKMARK [1][-]{section.13.1}{\376\377\000S\000Q\000L\000\040\000S\000u\000b\000s\000e\000t\000\040\000G\000r\000a\000m\000m\000a\000r}{chapter.13}% 69
\BOOKMARK [1][-]{section.13.2}{\376\377\000R\000e\000c\000u\000r\000s\000i\000v\000e\000-\000D\000e\000s\000c\000e\000n\000t\000\040\000P\000a\000r\000s\000e\000r}{chapter.13}% 70
\BOOKMARK [-1][-]{part.6}{\376\377\000V\000I\000\040\000P\000r\000o\000c\000e\000s\000s\000\040\000M\000a\000n\000a\000g\000e\000m\000e\000n\000t}{}% 71
\BOOKMARK [0][-]{chapter.14}{\376\377\000P\000r\000o\000c\000e\000s\000s\000e\000s\000\040\000a\000n\000d\000\040\000S\000c\000h\000e\000d\000u\000l\000i\000n\000g}{part.6}% 72
\BOOKMARK [1][-]{section.14.1}{\376\377\000P\000r\000o\000c\000e\000s\000s\000\040\000C\000o\000n\000t\000r\000o\000l\000\040\000B\000l\000o\000c\000k}{chapter.14}% 73
\BOOKMARK [1][-]{section.14.2}{\376\377\000P\000r\000o\000c\000e\000s\000s\000\040\000S\000t\000a\000t\000e\000\040\000T\000r\000a\000n\000s\000i\000t\000i\000o\000n\000s}{chapter.14}% 74
\BOOKMARK [1][-]{section.14.3}{\376\377\000A\000l\000g\000o\000r\000i\000t\000h\000m\000:\000\040\000R\000o\000u\000n\000d\000-\000R\000o\000b\000i\000n\000-\000S\000c\000h\000e\000d\000u\000l\000e}{chapter.14}% 75
\BOOKMARK [1][-]{section.14.4}{\376\377\000C\000o\000n\000t\000e\000x\000t\000\040\000S\000w\000i\000t\000c\000h\000i\000n\000g}{chapter.14}% 76
\BOOKMARK [0][-]{chapter.15}{\376\377\000I\000n\000t\000e\000r\000-\000P\000r\000o\000c\000e\000s\000s\000\040\000C\000o\000m\000m\000u\000n\000i\000c\000a\000t\000i\000o\000n}{part.6}% 77
\BOOKMARK [1][-]{section.15.1}{\376\377\000M\000e\000s\000s\000a\000g\000e\000-\000P\000a\000s\000s\000i\000n\000g\000\040\000M\000o\000d\000e\000l}{chapter.15}% 78
\BOOKMARK [1][-]{section.15.2}{\376\377\000M\000e\000s\000s\000a\000g\000e\000\040\000Q\000u\000e\000u\000e}{chapter.15}% 79
\BOOKMARK [1][-]{section.15.3}{\376\377\000A\000l\000g\000o\000r\000i\000t\000h\000m\000s\000:\000\040\000I\000P\000C\000-\000S\000e\000n\000d\000\040\000a\000n\000d\000\040\000I\000P\000C\000-\000R\000e\000c\000v}{chapter.15}% 80
\BOOKMARK [-1][-]{part.7}{\376\377\000V\000I\000I\000\040\000H\000a\000r\000d\000w\000a\000r\000e\000\040\000A\000b\000s\000t\000r\000a\000c\000t\000i\000o\000n}{}% 81
\BOOKMARK [0][-]{chapter.16}{\376\377\000x\0008\0006\000-\0006\0004\000\040\000A\000r\000c\000h\000i\000t\000e\000c\000t\000u\000r\000e\000\040\000S\000u\000p\000p\000o\000r\000t}{part.7}% 82
\BOOKMARK [1][-]{section.16.1}{\376\377\000G\000D\000T\000\040\000a\000n\000d\000\040\000T\000S\000S\000\040\000C\000o\000n\000f\000i\000g\000u\000r\000a\000t\000i\000o\000n}{chapter.16}% 83
\BOOKMARK [1][-]{section.16.2}{\376\377\000I\000n\000t\000e\000r\000r\000u\000p\000t\000\040\000H\000a\000n\000d\000l\000i\000n\000g}{chapter.16}% 84
\BOOKMARK [1][-]{section.16.3}{\376\377\0008\0002\0005\0009\000\040\000P\000I\000C\000\040\000I\000n\000i\000t\000i\000a\000l\000i\000z\000a\000t\000i\000o\000n}{chapter.16}% 85
\BOOKMARK [1][-]{section.16.4}{\376\377\000S\000Y\000S\000C\000A\000L\000L\000/\000S\000Y\000S\000R\000E\000T\000\040\000I\000n\000t\000e\000r\000f\000a\000c\000e}{chapter.16}% 86
\BOOKMARK [1][-]{section.16.5}{\376\377\000C\000P\000U\000I\000D\000\040\000F\000e\000a\000t\000u\000r\000e\000\040\000D\000e\000t\000e\000c\000t\000i\000o\000n}{chapter.16}% 87
\BOOKMARK [0][-]{chapter.17}{\376\377\000D\000e\000v\000i\000c\000e\000\040\000D\000r\000i\000v\000e\000r\000s}{part.7}% 88
\BOOKMARK [1][-]{section.17.1}{\376\377\000S\000e\000r\000i\000a\000l\000\040\000P\000o\000r\000t\000\040\000\050\000C\000O\000M\0001\000\051}{chapter.17}% 89
\BOOKMARK [1][-]{section.17.2}{\376\377\000G\000O\000P\000\040\000F\000r\000a\000m\000e\000b\000u\000f\000f\000e\000r}{chapter.17}% 90
\BOOKMARK [1][-]{section.17.3}{\376\377\000P\000S\000/\0002\000\040\000K\000e\000y\000b\000o\000a\000r\000d}{chapter.17}% 91
\BOOKMARK [1][-]{section.17.4}{\376\377\0008\0001\0006\000\040\000B\000i\000t\000m\000a\000p\000\040\000F\000o\000n\000t}{chapter.17}% 92
\BOOKMARK [0][-]{appendix.A}{\376\377\000V\000i\000r\000t\000u\000a\000l\000\040\000A\000d\000d\000r\000e\000s\000s\000\040\000S\000p\000a\000c\000e\000\040\000M\000a\000p}{part.7}% 93
\BOOKMARK [0][-]{appendix.B}{\376\377\000S\000y\000s\000c\000a\000l\000l\000\040\000N\000u\000m\000b\000e\000r\000\040\000T\000a\000b\000l\000e}{part.7}% 94
\BOOKMARK [0][-]{appendix.C}{\376\377\000E\000r\000r\000o\000r\000\040\000C\000o\000d\000e\000\040\000R\000e\000f\000e\000r\000e\000n\000c\000e}{part.7}% 95
\BOOKMARK [0][-]{appendix.D}{\376\377\000P\000e\000r\000f\000o\000r\000m\000a\000n\000c\000e\000\040\000B\000e\000n\000c\000h\000m\000a\000r\000k\000s}{part.7}% 96
